Determining if the pthread_create exist failed with the following output:
Change Dir: /afs/athena.mit.edu/user/f/c/fcicileo/Desktop/6_837/smoke_and_mirrors/francesca_trial/build/CMakeFiles/CMakeTmp

Run Build Command:/usr/bin/make "cmTryCompileExec4116210894/fast"
/usr/bin/make -f CMakeFiles/cmTryCompileExec4116210894.dir/build.make CMakeFiles/cmTryCompileExec4116210894.dir/build
make[1]: Entering directory `/afs/athena.mit.edu/user/f/c/fcicileo/Desktop/6_837/smoke_and_mirrors/francesca_trial/build/CMakeFiles/CMakeTmp'
/usr/bin/cmake -E cmake_progress_report /afs/athena.mit.edu/user/f/c/fcicileo/Desktop/6_837/smoke_and_mirrors/francesca_trial/build/CMakeFiles/CMakeTmp/CMakeFiles 1
Building C object CMakeFiles/cmTryCompileExec4116210894.dir/CheckSymbolExists.c.o
/usr/bin/cc    -o CMakeFiles/cmTryCompileExec4116210894.dir/CheckSymbolExists.c.o   -c /afs/athena.mit.edu/user/f/c/fcicileo/Desktop/6_837/smoke_and_mirrors/francesca_trial/build/CMakeFiles/CMakeTmp/CheckSymbolExists.c
Linking C executable cmTryCompileExec4116210894
/usr/bin/cmake -E cmake_link_script CMakeFiles/cmTryCompileExec4116210894.dir/link.txt --verbose=1
/usr/bin/cc       CMakeFiles/cmTryCompileExec4116210894.dir/CheckSymbolExists.c.o  -o cmTryCompileExec4116210894 -rdynamic 
CMakeFiles/cmTryCompileExec4116210894.dir/CheckSymbolExists.c.o: In function `main':
CheckSymbolExists.c:(.text+0x16): undefined reference to `pthread_create'
collect2: error: ld returned 1 exit status
make[1]: *** [cmTryCompileExec4116210894] Error 1
make[1]: Leaving directory `/afs/athena.mit.edu/user/f/c/fcicileo/Desktop/6_837/smoke_and_mirrors/francesca_trial/build/CMakeFiles/CMakeTmp'
make: *** [cmTryCompileExec4116210894/fast] Error 2

File /afs/athena.mit.edu/user/f/c/fcicileo/Desktop/6_837/smoke_and_mirrors/francesca_trial/build/CMakeFiles/CMakeTmp/CheckSymbolExists.c:
/* */
#include <pthread.h>

int main(int argc, char** argv)
{
  (void)argv;
#ifndef pthread_create
  return ((int*)(&pthread_create))[argc];
#else
  (void)argc;
  return 0;
#endif
}

Determining if the function pthread_create exists in the pthreads failed with the following output:
Change Dir: /afs/athena.mit.edu/user/f/c/fcicileo/Desktop/6_837/smoke_and_mirrors/francesca_trial/build/CMakeFiles/CMakeTmp

Run Build Command:/usr/bin/make "cmTryCompileExec813932737/fast"
/usr/bin/make -f CMakeFiles/cmTryCompileExec813932737.dir/build.make CMakeFiles/cmTryCompileExec813932737.dir/build
make[1]: Entering directory `/afs/athena.mit.edu/user/f/c/fcicileo/Desktop/6_837/smoke_and_mirrors/francesca_trial/build/CMakeFiles/CMakeTmp'
/usr/bin/cmake -E cmake_progress_report /afs/athena.mit.edu/user/f/c/fcicileo/Desktop/6_837/smoke_and_mirrors/francesca_trial/build/CMakeFiles/CMakeTmp/CMakeFiles 1
Building C object CMakeFiles/cmTryCompileExec813932737.dir/CheckFunctionExists.c.o
/usr/bin/cc   -DCHECK_FUNCTION_EXISTS=pthread_create   -o CMakeFiles/cmTryCompileExec813932737.dir/CheckFunctionExists.c.o   -c /usr/share/cmake-2.8/Modules/CheckFunctionExists.c
Linking C executable cmTryCompileExec813932737
/usr/bin/cmake -E cmake_link_script CMakeFiles/cmTryCompileExec813932737.dir/link.txt --verbose=1
/usr/bin/cc   -DCHECK_FUNCTION_EXISTS=pthread_create    CMakeFiles/cmTryCompileExec813932737.dir/CheckFunctionExists.c.o  -o cmTryCompileExec813932737 -rdynamic -lpthreads 
/usr/bin/ld: cannot find -lpthreads
collect2: error: ld returned 1 exit status
make[1]: *** [cmTryCompileExec813932737] Error 1
make[1]: Leaving directory `/afs/athena.mit.edu/user/f/c/fcicileo/Desktop/6_837/smoke_and_mirrors/francesca_trial/build/CMakeFiles/CMakeTmp'
make: *** [cmTryCompileExec813932737/fast] Error 2


